[WARNING] Disabling enhanced local repository: using legacy is strongly discouraged to ensure build reproducibility.
[INFO] Scanning for projects...
[INFO] 
[INFO] Using the builder org.apache.maven.lifecycle.internal.builder.singlethreaded.SingleThreadedBuilder with a thread count of 1
[INFO]                                                                         
[INFO] ------------------------------------------------------------------------
[INFO] Building LOCAL_PROJECT Sort_files-0.1.0 (0.1,Job Designs) 0.1.0
[INFO] ------------------------------------------------------------------------
[WARNING] The POM for org.apache.commons:commons-lang3:jar:3.7 is missing, no dependency information available
[WARNING] The POM for log4j:log4j:jar:1.2.17 is missing, no dependency information available
[INFO] 
[INFO] --- maven-resources-plugin:3.0.2:resources (default-resources) @ Sort_files ---
[WARNING] Using platform encoding (UTF-8 actually) to copy filtered resources, i.e. build is platform dependent!
[INFO] Copying 1 resource
[INFO] 
[INFO] --- maven-compiler-plugin:3.6.1:compile (default-compile) @ Sort_files ---
[INFO] Not compiling main sources
[INFO] 
[INFO] --- maven-resources-plugin:3.0.2:testResources (default-testResources) @ Sort_files ---
[INFO] Not copying test resources
[INFO] 
[INFO] --- maven-compiler-plugin:3.6.1:testCompile (default-testCompile) @ Sort_files ---
[INFO] Not compiling test sources
[INFO] 
[INFO] --- maven-surefire-plugin:2.20:test (default-test) @ Sort_files ---
[INFO] Tests are skipped.
[INFO] 
[INFO] --- maven-jar-plugin:3.0.2:jar (default-jar) @ Sort_files ---
[INFO] Building jar: C:\Users\ruchiagarwal3\Documents\Talend\TOS_DI-20181026_1147-V7.1.1\workspace\LOCAL_PROJECT\poms\jobs\process\sort_files_0.1\target\sort_files_0_1.jar
[INFO] 
[INFO] --- maven-assembly-plugin:3.0.0:single (default) @ Sort_files ---
[INFO] Reading assembly descriptor: C:\Users\ruchiagarwal3\Documents\Talend\TOS_DI-20181026_1147-V7.1.1\workspace\LOCAL_PROJECT\poms\jobs\process\sort_files_0.1/src/main/assemblies/assembly.xml
[WARNING] Missing POM for org.apache.commons:commons-lang3:jar:3.7
[WARNING] Missing POM for log4j:log4j:jar:1.2.17
[INFO] Building zip: C:\Users\ruchiagarwal3\Documents\Talend\TOS_DI-20181026_1147-V7.1.1\workspace\LOCAL_PROJECT\poms\jobs\process\sort_files_0.1\target\sort_files_0_1.zip
[INFO] ------------------------------------------------------------------------
[INFO] BUILD SUCCESS
[INFO] ------------------------------------------------------------------------
[INFO] Total time: 7.709 s
[INFO] Finished at: 2019-05-13T13:12:45+05:30
[INFO] Final Memory: 10M/160M
[INFO] ------------------------------------------------------------------------
